<?xml version="1.0" encoding="UTF-8"?>
<!-- Generated by org.testng.reporters.JUnitReportReporter -->
<testsuite skipped="0" hostname="DELHT480017" name="com.qa.orangehrmliveTestscript.TestHRMAppLoginTC" tests="4" failures="0" timestamp="07 Mar 2021 02:03:13 GMT" time="0.287" errors="0">
  <testcase name="verifyAppTitle" time="0.021" classname="com.qa.orangehrmliveTestscript.TestHRMAppLoginTC"/>
  <testcase name="listofTextBox" time="0.178" classname="com.qa.orangehrmliveTestscript.TestHRMAppLoginTC"/>
  <testcase name="listofLinks" time="0.040" classname="com.qa.orangehrmliveTestscript.TestHRMAppLoginTC"/>
  <testcase name="listofImages" time="0.048" classname="com.qa.orangehrmliveTestscript.TestHRMAppLoginTC"/>
</testsuite> <!-- com.qa.orangehrmliveTestscript.TestHRMAppLoginTC -->
