<?xml version="1.0" encoding="UTF-8"?>
<!-- Generated by org.testng.reporters.JUnitReportReporter -->
<testsuite skipped="0" hostname="DELHT480017" name="com.qa.orangehrmliveTestscript.TestHRMApplicationLandingTC" tests="7" failures="0" timestamp="07 Mar 2021 02:03:13 GMT" time="50.125" errors="0">
  <testcase name="verifyinDashboard" time="8.478" classname="com.qa.orangehrmliveTestscript.TestHRMApplicationLandingTC"/>
  <testcase name="clickAdminLinkandVerifyMenues" time="2.904" classname="com.qa.orangehrmliveTestscript.TestHRMApplicationLandingTC"/>
  <testcase name="clickAdminandVerifyTitle" time="15.600" classname="com.qa.orangehrmliveTestscript.TestHRMApplicationLandingTC"/>
  <testcase name="readDashboard" time="1.019" classname="com.qa.orangehrmliveTestscript.TestHRMApplicationLandingTC"/>
  <testcase name="clickPIM_SearchEmp" time="2.385" classname="com.qa.orangehrmliveTestscript.TestHRMApplicationLandingTC"/>
  <testcase name="cssMenus_Dashboard3Obj" time="9.371" classname="com.qa.orangehrmliveTestscript.TestHRMApplicationLandingTC"/>
  <testcase name="xpathMenus" time="10.368" classname="com.qa.orangehrmliveTestscript.TestHRMApplicationLandingTC"/>
</testsuite> <!-- com.qa.orangehrmliveTestscript.TestHRMApplicationLandingTC -->
