<?xml version="1.0" encoding="UTF-8"?>
<!-- Generated by org.testng.reporters.JUnitReportReporter -->
<testsuite skipped="0" hostname="DELHT480017" name="com.qa.orangehrmlivePages.TitleofApplication" tests="8" failures="0" timestamp="01 Mar 2021 04:53:42 GMT" time="32.723" errors="0">
  <testcase name="verifyAppTitle" time="0.018" classname="com.qa.orangehrmlivePages.TitleofApplication"/>
  <testcase name="listofTextBox" time="0.076" classname="com.qa.orangehrmlivePages.TitleofApplication"/>
  <testcase name="listofLinks" time="0.046" classname="com.qa.orangehrmlivePages.TitleofApplication"/>
  <testcase name="listofImages" time="0.040" classname="com.qa.orangehrmlivePages.TitleofApplication"/>
  <testcase name="verifyinDashboard" time="8.151" classname="com.qa.orangehrmlivePages.TitleofApplication"/>
  <testcase name="clickAdminLinkandVerifyMenues" time="6.220" classname="com.qa.orangehrmlivePages.TitleofApplication"/>
  <testcase name="clickAdminandVerifyTitle" time="17.111" classname="com.qa.orangehrmlivePages.TitleofApplication"/>
  <testcase name="readDashboard" time="1.061" classname="com.qa.orangehrmlivePages.TitleofApplication"/>
</testsuite> <!-- com.qa.orangehrmlivePages.TitleofApplication -->
