<?xml version="1.0" encoding="UTF-8"?>
<!-- Generated by org.testng.reporters.JUnitReportReporter -->
<testsuite skipped="0" hostname="DELHT480017" name="com.qa.orangehrmliveTestscript.TestHRMAppTC_13to15" tests="1" failures="0" timestamp="03 Mar 2021 05:35:47 GMT" time="7.057" errors="0">
  <testcase name="loginHRM" time="7.057" classname="com.qa.orangehrmliveTestscript.TestHRMAppTC_13to15"/>
</testsuite> <!-- com.qa.orangehrmliveTestscript.TestHRMAppTC_13to15 -->
