<?xml version="1.0" encoding="UTF-8"?>
<!-- Generated by org.testng.reporters.JUnitReportReporter -->
<testsuite skipped="0" hostname="DELHT480017" name="com.qa.orangehrmliveTestscript.TestHRMAppTC_13" tests="1" failures="0" timestamp="02 Mar 2021 09:21:52 GMT" time="6.353" errors="0">
  <testcase name="loginHRM" time="6.353" classname="com.qa.orangehrmliveTestscript.TestHRMAppTC_13"/>
</testsuite> <!-- com.qa.orangehrmliveTestscript.TestHRMAppTC_13 -->
