<?xml version="1.0" encoding="UTF-8"?>
<!-- Generated by org.testng.reporters.JUnitReportReporter -->
<testsuite skipped="0" hostname="DELHT480017" name="com.qa.orangehrmliveTestscript.TestHRMApplication" tests="11" failures="0" timestamp="03 Mar 2021 05:41:15 GMT" time="68.173" errors="0">
  <testcase name="verifyAppTitle" time="0.030" classname="com.qa.orangehrmliveTestscript.TestHRMApplication"/>
  <testcase name="listofTextBox" time="0.032" classname="com.qa.orangehrmliveTestscript.TestHRMApplication"/>
  <testcase name="listofLinks" time="0.021" classname="com.qa.orangehrmliveTestscript.TestHRMApplication"/>
  <testcase name="listofImages" time="0.026" classname="com.qa.orangehrmliveTestscript.TestHRMApplication"/>
  <testcase name="verifyinDashboard" time="6.805" classname="com.qa.orangehrmliveTestscript.TestHRMApplication"/>
  <testcase name="clickAdminLinkandVerifyMenues" time="17.414" classname="com.qa.orangehrmliveTestscript.TestHRMApplication"/>
  <testcase name="clickAdminandVerifyTitle" time="9.541" classname="com.qa.orangehrmliveTestscript.TestHRMApplication"/>
  <testcase name="readDashboard" time="0.777" classname="com.qa.orangehrmliveTestscript.TestHRMApplication"/>
  <testcase name="clickPIM_SearchEmp" time="5.472" classname="com.qa.orangehrmliveTestscript.TestHRMApplication"/>
  <testcase name="cssMenus_Dashboard3Obj" time="12.776" classname="com.qa.orangehrmliveTestscript.TestHRMApplication"/>
  <testcase name="xpathMenus" time="15.279" classname="com.qa.orangehrmliveTestscript.TestHRMApplication"/>
</testsuite> <!-- com.qa.orangehrmliveTestscript.TestHRMApplication -->
